[debug] [2022-07-06T13:53:47.058Z] ----------------------------------------------------------------------
[debug] [2022-07-06T13:53:47.060Z] Command:       C:\Program Files\nodejs\node.exe C:\Users\LENOVO\AppData\Roaming\npm\node_modules\firebase-tools\lib\bin\firebase.js init
[debug] [2022-07-06T13:53:47.060Z] CLI Version:   11.2.0
[debug] [2022-07-06T13:53:47.060Z] Platform:      win32
[debug] [2022-07-06T13:53:47.061Z] Node Version:  v16.15.1
[debug] [2022-07-06T13:53:47.061Z] Time:          Wed Jul 06 2022 09:53:47 GMT-0400 (hora de Bolivia)
[debug] [2022-07-06T13:53:47.061Z] ----------------------------------------------------------------------
[debug] 
[debug] [2022-07-06T13:53:47.068Z] > command requires scopes: ["email","openid","https://www.googleapis.com/auth/cloudplatformprojects.readonly","https://www.googleapis.com/auth/firebase","https://www.googleapis.com/auth/cloud-platform"]
[debug] [2022-07-06T13:53:47.068Z] > authorizing via signed-in user (alejandro.ledezma.orellana@gmail.com)
[info] 
     ######## #### ########  ######## ########     ###     ######  ########
     ##        ##  ##     ## ##       ##     ##  ##   ##  ##       ##
     ######    ##  ########  ######   ########  #########  ######  ######
     ##        ##  ##    ##  ##       ##     ## ##     ##       ## ##
     ##       #### ##     ## ######## ########  ##     ##  ######  ########

You're about to initialize a Firebase project in this directory:

  C:\Users\LENOVO\Documents\UPB\TrabajoBecario-Dialogflow\ChatBot-Firebase-CloudFunctions

[info] 
=== Project Setup
[info] 
[info] First, let's associate this project directory with a Firebase project.
[info] You can create multiple project aliases by running firebase use --add, 
[info] but for now we'll just set up a default project.
[info] 
